<?xml version="1.0" encoding="UTF-8"?>
<coverage generated="1676511552976" clover="3.2.0">
  <project timestamp="1676511552977" name="All files">
    <metrics statements="113" coveredstatements="92" conditionals="80" coveredconditionals="67" methods="21" coveredmethods="21" elements="214" coveredelements="180" complexity="0" loc="113" ncloc="113" packages="1" files="2" classes="2"/>
    <file name="routes.js" path="C:\Users\celin\OneDrive\문서\HW2_student\server\routes.js">
      <metrics statements="95" coveredstatements="74" conditionals="80" coveredconditionals="67" methods="20" coveredmethods="20"/>
      <line num="1" count="1" type="stmt"/>
      <line num="2" count="1" type="stmt"/>
      <line num="6" count="1" type="stmt"/>
      <line num="13" count="1" type="cond" truecount="1" falsecount="1"/>
      <line num="20" count="1" type="stmt"/>
      <line num="22" count="2" type="stmt"/>
      <line num="23" count="2" type="stmt"/>
      <line num="27" count="2" type="cond" truecount="2" falsecount="0"/>
      <line num="29" count="1" type="stmt"/>
      <line num="30" count="1" type="cond" truecount="1" falsecount="1"/>
      <line num="32" count="1" type="stmt"/>
      <line num="35" count="0" type="stmt"/>
      <line num="40" count="1" type="stmt"/>
      <line num="44" count="1" type="cond" truecount="1" falsecount="1"/>
      <line num="48" count="1" type="stmt"/>
      <line num="55" count="1" type="cond" truecount="3" falsecount="1"/>
      <line num="58" count="0" type="stmt"/>
      <line num="59" count="0" type="stmt"/>
      <line num="65" count="1" type="stmt"/>
      <line num="78" count="1" type="stmt"/>
      <line num="81" count="1" type="stmt"/>
      <line num="82" count="1" type="stmt"/>
      <line num="88" count="1" type="cond" truecount="3" falsecount="1"/>
      <line num="89" count="0" type="stmt"/>
      <line num="90" count="0" type="stmt"/>
      <line num="92" count="1" type="stmt"/>
      <line num="98" count="1" type="stmt"/>
      <line num="101" count="1" type="stmt"/>
      <line num="102" count="1" type="stmt"/>
      <line num="108" count="1" type="cond" truecount="3" falsecount="1"/>
      <line num="109" count="0" type="stmt"/>
      <line num="110" count="0" type="stmt"/>
      <line num="112" count="1" type="stmt"/>
      <line num="118" count="1" type="stmt"/>
      <line num="122" count="1" type="stmt"/>
      <line num="127" count="1" type="cond" truecount="3" falsecount="1"/>
      <line num="128" count="0" type="stmt"/>
      <line num="129" count="0" type="stmt"/>
      <line num="131" count="1" type="stmt"/>
      <line num="137" count="1" type="stmt"/>
      <line num="140" count="1" type="stmt"/>
      <line num="141" count="1" type="stmt"/>
      <line num="147" count="1" type="cond" truecount="3" falsecount="1"/>
      <line num="148" count="0" type="stmt"/>
      <line num="149" count="0" type="stmt"/>
      <line num="151" count="1" type="stmt"/>
      <line num="161" count="1" type="stmt"/>
      <line num="162" count="3" type="stmt"/>
      <line num="164" count="3" type="cond" truecount="2" falsecount="0"/>
      <line num="166" count="3" type="cond" truecount="2" falsecount="0"/>
      <line num="170" count="1" type="stmt"/>
      <line num="176" count="1" type="cond" truecount="3" falsecount="1"/>
      <line num="177" count="0" type="stmt"/>
      <line num="178" count="0" type="stmt"/>
      <line num="180" count="1" type="stmt"/>
      <line num="187" count="2" type="stmt"/>
      <line num="188" count="2" type="stmt"/>
      <line num="195" count="2" type="cond" truecount="3" falsecount="1"/>
      <line num="196" count="0" type="stmt"/>
      <line num="197" count="0" type="stmt"/>
      <line num="199" count="2" type="stmt"/>
      <line num="206" count="1" type="stmt"/>
      <line num="210" count="3" type="stmt"/>
      <line num="211" count="3" type="cond" truecount="2" falsecount="0"/>
      <line num="212" count="3" type="cond" truecount="2" falsecount="0"/>
      <line num="213" count="1" type="stmt"/>
      <line num="220" count="1" type="cond" truecount="3" falsecount="1"/>
      <line num="221" count="0" type="stmt"/>
      <line num="222" count="0" type="stmt"/>
      <line num="224" count="1" type="stmt"/>
      <line num="228" count="2" type="stmt"/>
      <line num="229" count="2" type="stmt"/>
      <line num="237" count="2" type="cond" truecount="3" falsecount="1"/>
      <line num="238" count="0" type="stmt"/>
      <line num="239" count="0" type="stmt"/>
      <line num="241" count="2" type="stmt"/>
      <line num="248" count="1" type="stmt"/>
      <line num="251" count="2" type="cond" truecount="2" falsecount="0"/>
      <line num="252" count="2" type="cond" truecount="2" falsecount="0"/>
      <line num="253" count="2" type="cond" truecount="2" falsecount="0"/>
      <line num="254" count="2" type="cond" truecount="2" falsecount="0"/>
      <line num="255" count="2" type="cond" truecount="2" falsecount="0"/>
      <line num="256" count="2" type="cond" truecount="2" falsecount="0"/>
      <line num="257" count="2" type="cond" truecount="2" falsecount="0"/>
      <line num="258" count="2" type="cond" truecount="2" falsecount="0"/>
      <line num="259" count="2" type="cond" truecount="2" falsecount="0"/>
      <line num="260" count="2" type="cond" truecount="2" falsecount="0"/>
      <line num="261" count="2" type="cond" truecount="2" falsecount="0"/>
      <line num="262" count="2" type="cond" truecount="2" falsecount="0"/>
      <line num="265" count="2" type="stmt"/>
      <line num="277" count="2" type="cond" truecount="3" falsecount="1"/>
      <line num="278" count="0" type="stmt"/>
      <line num="279" count="0" type="stmt"/>
      <line num="281" count="2" type="stmt"/>
      <line num="286" count="1" type="stmt"/>
    </file>
    <file name="server.js" path="C:\Users\celin\OneDrive\문서\HW2_student\server\server.js">
      <metrics statements="18" coveredstatements="18" conditionals="0" coveredconditionals="0" methods="1" coveredmethods="1"/>
      <line num="1" count="1" type="stmt"/>
      <line num="2" count="1" type="stmt"/>
      <line num="3" count="1" type="stmt"/>
      <line num="4" count="1" type="stmt"/>
      <line num="6" count="1" type="stmt"/>
      <line num="7" count="1" type="stmt"/>
      <line num="13" count="1" type="stmt"/>
      <line num="14" count="1" type="stmt"/>
      <line num="15" count="1" type="stmt"/>
      <line num="16" count="1" type="stmt"/>
      <line num="17" count="1" type="stmt"/>
      <line num="18" count="1" type="stmt"/>
      <line num="19" count="1" type="stmt"/>
      <line num="20" count="1" type="stmt"/>
      <line num="21" count="1" type="stmt"/>
      <line num="23" count="1" type="stmt"/>
      <line num="24" count="1" type="stmt"/>
      <line num="27" count="1" type="stmt"/>
    </file>
  </project>
</coverage>
