{"C:\\Users\\celin\\OneDrive\\문서\\HW2_student\\server\\routes.js": {"path":"C:\\Users\\celin\\OneDrive\\문서\\HW2_student\\server\\routes.js","statementMap":{"0":{"start":{"line":1,"column":14},"end":{"line":1,"column":30}},"1":{"start":{"line":2,"column":15},"end":{"line":2,"column":39}},"2":{"start":{"line":6,"column":19},"end":{"line":12,"column":2}},"3":{"start":{"line":13,"column":0},"end":{"line":13,"column":53}},"4":{"start":{"line":13,"column":28},"end":{"line":13,"column":51}},"5":{"start":{"line":20,"column":15},"end":{"line":37,"column":1}},"6":{"start":{"line":22,"column":15},"end":{"line":22,"column":26}},"7":{"start":{"line":23,"column":18},"end":{"line":23,"column":26}},"8":{"start":{"line":27,"column":2},"end":{"line":36,"column":3}},"9":{"start":{"line":29,"column":4},"end":{"line":29,"column":35}},"10":{"start":{"line":30,"column":9},"end":{"line":36,"column":3}},"11":{"start":{"line":32,"column":4},"end":{"line":32,"column":38}},"12":{"start":{"line":35,"column":4},"end":{"line":35,"column":115}},"13":{"start":{"line":40,"column":15},"end":{"line":71,"column":1}},"14":{"start":{"line":44,"column":19},"end":{"line":44,"column":56}},"15":{"start":{"line":48,"column":2},"end":{"line":70,"column":5}},"16":{"start":{"line":55,"column":4},"end":{"line":69,"column":5}},"17":{"start":{"line":58,"column":6},"end":{"line":58,"column":23}},"18":{"start":{"line":59,"column":6},"end":{"line":59,"column":19}},"19":{"start":{"line":65,"column":6},"end":{"line":68,"column":9}},"20":{"start":{"line":78,"column":13},"end":{"line":95,"column":1}},"21":{"start":{"line":81,"column":18},"end":{"line":81,"column":36}},"22":{"start":{"line":82,"column":2},"end":{"line":94,"column":5}},"23":{"start":{"line":88,"column":4},"end":{"line":93,"column":5}},"24":{"start":{"line":89,"column":6},"end":{"line":89,"column":23}},"25":{"start":{"line":90,"column":6},"end":{"line":90,"column":19}},"26":{"start":{"line":92,"column":6},"end":{"line":92,"column":24}},"27":{"start":{"line":98,"column":14},"end":{"line":115,"column":1}},"28":{"start":{"line":101,"column":19},"end":{"line":101,"column":38}},"29":{"start":{"line":102,"column":2},"end":{"line":114,"column":5}},"30":{"start":{"line":108,"column":4},"end":{"line":113,"column":5}},"31":{"start":{"line":109,"column":6},"end":{"line":109,"column":23}},"32":{"start":{"line":110,"column":6},"end":{"line":110,"column":19}},"33":{"start":{"line":112,"column":6},"end":{"line":112,"column":24}},"34":{"start":{"line":118,"column":15},"end":{"line":134,"column":1}},"35":{"start":{"line":122,"column":2},"end":{"line":133,"column":5}},"36":{"start":{"line":127,"column":4},"end":{"line":132,"column":5}},"37":{"start":{"line":128,"column":6},"end":{"line":128,"column":23}},"38":{"start":{"line":129,"column":6},"end":{"line":129,"column":19}},"39":{"start":{"line":131,"column":6},"end":{"line":131,"column":21}},"40":{"start":{"line":137,"column":20},"end":{"line":154,"column":1}},"41":{"start":{"line":140,"column":19},"end":{"line":140,"column":38}},"42":{"start":{"line":141,"column":2},"end":{"line":153,"column":5}},"43":{"start":{"line":147,"column":4},"end":{"line":152,"column":5}},"44":{"start":{"line":148,"column":6},"end":{"line":148,"column":23}},"45":{"start":{"line":149,"column":6},"end":{"line":149,"column":19}},"46":{"start":{"line":151,"column":6},"end":{"line":151,"column":21}},"47":{"start":{"line":161,"column":18},"end":{"line":203,"column":1}},"48":{"start":{"line":162,"column":15},"end":{"line":162,"column":29}},"49":{"start":{"line":164,"column":19},"end":{"line":164,"column":44}},"50":{"start":{"line":166,"column":2},"end":{"line":202,"column":3}},"51":{"start":{"line":170,"column":4},"end":{"line":182,"column":7}},"52":{"start":{"line":176,"column":6},"end":{"line":181,"column":7}},"53":{"start":{"line":177,"column":8},"end":{"line":177,"column":25}},"54":{"start":{"line":178,"column":8},"end":{"line":178,"column":21}},"55":{"start":{"line":180,"column":8},"end":{"line":180,"column":23}},"56":{"start":{"line":187,"column":19},"end":{"line":187,"column":40}},"57":{"start":{"line":188,"column":4},"end":{"line":201,"column":7}},"58":{"start":{"line":195,"column":6},"end":{"line":200,"column":7}},"59":{"start":{"line":196,"column":8},"end":{"line":196,"column":25}},"60":{"start":{"line":197,"column":8},"end":{"line":197,"column":21}},"61":{"start":{"line":199,"column":8},"end":{"line":199,"column":23}},"62":{"start":{"line":206,"column":19},"end":{"line":245,"column":1}},"63":{"start":{"line":210,"column":15},"end":{"line":210,"column":29}},"64":{"start":{"line":211,"column":19},"end":{"line":211,"column":44}},"65":{"start":{"line":212,"column":2},"end":{"line":244,"column":3}},"66":{"start":{"line":213,"column":4},"end":{"line":226,"column":7}},"67":{"start":{"line":220,"column":6},"end":{"line":225,"column":7}},"68":{"start":{"line":221,"column":8},"end":{"line":221,"column":25}},"69":{"start":{"line":222,"column":8},"end":{"line":222,"column":21}},"70":{"start":{"line":224,"column":8},"end":{"line":224,"column":23}},"71":{"start":{"line":228,"column":19},"end":{"line":228,"column":40}},"72":{"start":{"line":229,"column":4},"end":{"line":243,"column":7}},"73":{"start":{"line":237,"column":6},"end":{"line":242,"column":7}},"74":{"start":{"line":238,"column":8},"end":{"line":238,"column":25}},"75":{"start":{"line":239,"column":8},"end":{"line":239,"column":21}},"76":{"start":{"line":241,"column":8},"end":{"line":241,"column":23}},"77":{"start":{"line":248,"column":21},"end":{"line":284,"column":1}},"78":{"start":{"line":251,"column":16},"end":{"line":251,"column":37}},"79":{"start":{"line":252,"column":22},"end":{"line":252,"column":50}},"80":{"start":{"line":253,"column":23},"end":{"line":253,"column":53}},"81":{"start":{"line":254,"column":19},"end":{"line":254,"column":43}},"82":{"start":{"line":255,"column":20},"end":{"line":255,"column":54}},"83":{"start":{"line":256,"column":26},"end":{"line":256,"column":57}},"84":{"start":{"line":257,"column":27},"end":{"line":257,"column":59}},"85":{"start":{"line":258,"column":20},"end":{"line":258,"column":45}},"86":{"start":{"line":259,"column":21},"end":{"line":259,"column":47}},"87":{"start":{"line":260,"column":21},"end":{"line":260,"column":47}},"88":{"start":{"line":261,"column":22},"end":{"line":261,"column":49}},"89":{"start":{"line":262,"column":19},"end":{"line":262,"column":78}},"90":{"start":{"line":265,"column":2},"end":{"line":283,"column":7}},"91":{"start":{"line":277,"column":6},"end":{"line":282,"column":7}},"92":{"start":{"line":278,"column":8},"end":{"line":278,"column":25}},"93":{"start":{"line":279,"column":8},"end":{"line":279,"column":21}},"94":{"start":{"line":281,"column":8},"end":{"line":281,"column":23}},"95":{"start":{"line":286,"column":0},"end":{"line":296,"column":1}}},"fnMap":{"0":{"name":"(anonymous_0)","decl":{"start":{"line":13,"column":19},"end":{"line":13,"column":20}},"loc":{"start":{"line":13,"column":28},"end":{"line":13,"column":51}},"line":13},"1":{"name":"(anonymous_1)","decl":{"start":{"line":20,"column":15},"end":{"line":20,"column":16}},"loc":{"start":{"line":20,"column":40},"end":{"line":37,"column":1}},"line":20},"2":{"name":"(anonymous_2)","decl":{"start":{"line":40,"column":15},"end":{"line":40,"column":16}},"loc":{"start":{"line":40,"column":40},"end":{"line":71,"column":1}},"line":40},"3":{"name":"(anonymous_3)","decl":{"start":{"line":54,"column":5},"end":{"line":54,"column":6}},"loc":{"start":{"line":54,"column":20},"end":{"line":70,"column":3}},"line":54},"4":{"name":"(anonymous_4)","decl":{"start":{"line":78,"column":13},"end":{"line":78,"column":14}},"loc":{"start":{"line":78,"column":38},"end":{"line":95,"column":1}},"line":78},"5":{"name":"(anonymous_5)","decl":{"start":{"line":87,"column":5},"end":{"line":87,"column":6}},"loc":{"start":{"line":87,"column":20},"end":{"line":94,"column":3}},"line":87},"6":{"name":"(anonymous_6)","decl":{"start":{"line":98,"column":14},"end":{"line":98,"column":15}},"loc":{"start":{"line":98,"column":39},"end":{"line":115,"column":1}},"line":98},"7":{"name":"(anonymous_7)","decl":{"start":{"line":107,"column":5},"end":{"line":107,"column":6}},"loc":{"start":{"line":107,"column":20},"end":{"line":114,"column":3}},"line":107},"8":{"name":"(anonymous_8)","decl":{"start":{"line":118,"column":15},"end":{"line":118,"column":16}},"loc":{"start":{"line":118,"column":40},"end":{"line":134,"column":1}},"line":118},"9":{"name":"(anonymous_9)","decl":{"start":{"line":126,"column":5},"end":{"line":126,"column":6}},"loc":{"start":{"line":126,"column":20},"end":{"line":133,"column":3}},"line":126},"10":{"name":"(anonymous_10)","decl":{"start":{"line":137,"column":20},"end":{"line":137,"column":21}},"loc":{"start":{"line":137,"column":45},"end":{"line":154,"column":1}},"line":137},"11":{"name":"(anonymous_11)","decl":{"start":{"line":146,"column":5},"end":{"line":146,"column":6}},"loc":{"start":{"line":146,"column":20},"end":{"line":153,"column":3}},"line":146},"12":{"name":"(anonymous_12)","decl":{"start":{"line":161,"column":18},"end":{"line":161,"column":19}},"loc":{"start":{"line":161,"column":43},"end":{"line":203,"column":1}},"line":161},"13":{"name":"(anonymous_13)","decl":{"start":{"line":175,"column":7},"end":{"line":175,"column":8}},"loc":{"start":{"line":175,"column":22},"end":{"line":182,"column":5}},"line":175},"14":{"name":"(anonymous_14)","decl":{"start":{"line":194,"column":7},"end":{"line":194,"column":8}},"loc":{"start":{"line":194,"column":22},"end":{"line":201,"column":5}},"line":194},"15":{"name":"(anonymous_15)","decl":{"start":{"line":206,"column":19},"end":{"line":206,"column":20}},"loc":{"start":{"line":206,"column":44},"end":{"line":245,"column":1}},"line":206},"16":{"name":"(anonymous_16)","decl":{"start":{"line":219,"column":7},"end":{"line":219,"column":8}},"loc":{"start":{"line":219,"column":22},"end":{"line":226,"column":5}},"line":219},"17":{"name":"(anonymous_17)","decl":{"start":{"line":236,"column":7},"end":{"line":236,"column":8}},"loc":{"start":{"line":236,"column":22},"end":{"line":243,"column":5}},"line":236},"18":{"name":"(anonymous_18)","decl":{"start":{"line":248,"column":21},"end":{"line":248,"column":22}},"loc":{"start":{"line":248,"column":46},"end":{"line":284,"column":1}},"line":248},"19":{"name":"(anonymous_19)","decl":{"start":{"line":276,"column":7},"end":{"line":276,"column":8}},"loc":{"start":{"line":276,"column":22},"end":{"line":283,"column":5}},"line":276}},"branchMap":{"0":{"loc":{"start":{"line":13,"column":28},"end":{"line":13,"column":51}},"type":"binary-expr","locations":[{"start":{"line":13,"column":28},"end":{"line":13,"column":31}},{"start":{"line":13,"column":35},"end":{"line":13,"column":51}}],"line":13},"1":{"loc":{"start":{"line":27,"column":2},"end":{"line":36,"column":3}},"type":"if","locations":[{"start":{"line":27,"column":2},"end":{"line":36,"column":3}},{"start":{"line":30,"column":9},"end":{"line":36,"column":3}}],"line":27},"2":{"loc":{"start":{"line":30,"column":9},"end":{"line":36,"column":3}},"type":"if","locations":[{"start":{"line":30,"column":9},"end":{"line":36,"column":3}},{"start":{"line":33,"column":9},"end":{"line":36,"column":3}}],"line":30},"3":{"loc":{"start":{"line":44,"column":19},"end":{"line":44,"column":56}},"type":"cond-expr","locations":[{"start":{"line":44,"column":51},"end":{"line":44,"column":52}},{"start":{"line":44,"column":55},"end":{"line":44,"column":56}}],"line":44},"4":{"loc":{"start":{"line":55,"column":4},"end":{"line":69,"column":5}},"type":"if","locations":[{"start":{"line":55,"column":4},"end":{"line":69,"column":5}},{"start":{"line":60,"column":11},"end":{"line":69,"column":5}}],"line":55},"5":{"loc":{"start":{"line":55,"column":8},"end":{"line":55,"column":32}},"type":"binary-expr","locations":[{"start":{"line":55,"column":8},"end":{"line":55,"column":11}},{"start":{"line":55,"column":15},"end":{"line":55,"column":32}}],"line":55},"6":{"loc":{"start":{"line":88,"column":4},"end":{"line":93,"column":5}},"type":"if","locations":[{"start":{"line":88,"column":4},"end":{"line":93,"column":5}},{"start":{"line":91,"column":11},"end":{"line":93,"column":5}}],"line":88},"7":{"loc":{"start":{"line":88,"column":8},"end":{"line":88,"column":32}},"type":"binary-expr","locations":[{"start":{"line":88,"column":8},"end":{"line":88,"column":11}},{"start":{"line":88,"column":15},"end":{"line":88,"column":32}}],"line":88},"8":{"loc":{"start":{"line":108,"column":4},"end":{"line":113,"column":5}},"type":"if","locations":[{"start":{"line":108,"column":4},"end":{"line":113,"column":5}},{"start":{"line":111,"column":11},"end":{"line":113,"column":5}}],"line":108},"9":{"loc":{"start":{"line":108,"column":8},"end":{"line":108,"column":32}},"type":"binary-expr","locations":[{"start":{"line":108,"column":8},"end":{"line":108,"column":11}},{"start":{"line":108,"column":15},"end":{"line":108,"column":32}}],"line":108},"10":{"loc":{"start":{"line":127,"column":4},"end":{"line":132,"column":5}},"type":"if","locations":[{"start":{"line":127,"column":4},"end":{"line":132,"column":5}},{"start":{"line":130,"column":11},"end":{"line":132,"column":5}}],"line":127},"11":{"loc":{"start":{"line":127,"column":8},"end":{"line":127,"column":32}},"type":"binary-expr","locations":[{"start":{"line":127,"column":8},"end":{"line":127,"column":11}},{"start":{"line":127,"column":15},"end":{"line":127,"column":32}}],"line":127},"12":{"loc":{"start":{"line":147,"column":4},"end":{"line":152,"column":5}},"type":"if","locations":[{"start":{"line":147,"column":4},"end":{"line":152,"column":5}},{"start":{"line":150,"column":11},"end":{"line":152,"column":5}}],"line":147},"13":{"loc":{"start":{"line":147,"column":8},"end":{"line":147,"column":32}},"type":"binary-expr","locations":[{"start":{"line":147,"column":8},"end":{"line":147,"column":11}},{"start":{"line":147,"column":15},"end":{"line":147,"column":32}}],"line":147},"14":{"loc":{"start":{"line":164,"column":19},"end":{"line":164,"column":44}},"type":"binary-expr","locations":[{"start":{"line":164,"column":19},"end":{"line":164,"column":38}},{"start":{"line":164,"column":42},"end":{"line":164,"column":44}}],"line":164},"15":{"loc":{"start":{"line":166,"column":2},"end":{"line":202,"column":3}},"type":"if","locations":[{"start":{"line":166,"column":2},"end":{"line":202,"column":3}},{"start":{"line":183,"column":9},"end":{"line":202,"column":3}}],"line":166},"16":{"loc":{"start":{"line":176,"column":6},"end":{"line":181,"column":7}},"type":"if","locations":[{"start":{"line":176,"column":6},"end":{"line":181,"column":7}},{"start":{"line":179,"column":13},"end":{"line":181,"column":7}}],"line":176},"17":{"loc":{"start":{"line":176,"column":10},"end":{"line":176,"column":34}},"type":"binary-expr","locations":[{"start":{"line":176,"column":10},"end":{"line":176,"column":13}},{"start":{"line":176,"column":17},"end":{"line":176,"column":34}}],"line":176},"18":{"loc":{"start":{"line":195,"column":6},"end":{"line":200,"column":7}},"type":"if","locations":[{"start":{"line":195,"column":6},"end":{"line":200,"column":7}},{"start":{"line":198,"column":13},"end":{"line":200,"column":7}}],"line":195},"19":{"loc":{"start":{"line":195,"column":10},"end":{"line":195,"column":34}},"type":"binary-expr","locations":[{"start":{"line":195,"column":10},"end":{"line":195,"column":13}},{"start":{"line":195,"column":17},"end":{"line":195,"column":34}}],"line":195},"20":{"loc":{"start":{"line":211,"column":19},"end":{"line":211,"column":44}},"type":"binary-expr","locations":[{"start":{"line":211,"column":19},"end":{"line":211,"column":38}},{"start":{"line":211,"column":42},"end":{"line":211,"column":44}}],"line":211},"21":{"loc":{"start":{"line":212,"column":2},"end":{"line":244,"column":3}},"type":"if","locations":[{"start":{"line":212,"column":2},"end":{"line":244,"column":3}},{"start":{"line":227,"column":9},"end":{"line":244,"column":3}}],"line":212},"22":{"loc":{"start":{"line":220,"column":6},"end":{"line":225,"column":7}},"type":"if","locations":[{"start":{"line":220,"column":6},"end":{"line":225,"column":7}},{"start":{"line":223,"column":13},"end":{"line":225,"column":7}}],"line":220},"23":{"loc":{"start":{"line":220,"column":10},"end":{"line":220,"column":34}},"type":"binary-expr","locations":[{"start":{"line":220,"column":10},"end":{"line":220,"column":13}},{"start":{"line":220,"column":17},"end":{"line":220,"column":34}}],"line":220},"24":{"loc":{"start":{"line":237,"column":6},"end":{"line":242,"column":7}},"type":"if","locations":[{"start":{"line":237,"column":6},"end":{"line":242,"column":7}},{"start":{"line":240,"column":13},"end":{"line":242,"column":7}}],"line":237},"25":{"loc":{"start":{"line":237,"column":10},"end":{"line":237,"column":34}},"type":"binary-expr","locations":[{"start":{"line":237,"column":10},"end":{"line":237,"column":13}},{"start":{"line":237,"column":17},"end":{"line":237,"column":34}}],"line":237},"26":{"loc":{"start":{"line":251,"column":16},"end":{"line":251,"column":37}},"type":"binary-expr","locations":[{"start":{"line":251,"column":16},"end":{"line":251,"column":31}},{"start":{"line":251,"column":35},"end":{"line":251,"column":37}}],"line":251},"27":{"loc":{"start":{"line":252,"column":22},"end":{"line":252,"column":50}},"type":"binary-expr","locations":[{"start":{"line":252,"column":22},"end":{"line":252,"column":44}},{"start":{"line":252,"column":48},"end":{"line":252,"column":50}}],"line":252},"28":{"loc":{"start":{"line":253,"column":23},"end":{"line":253,"column":53}},"type":"binary-expr","locations":[{"start":{"line":253,"column":23},"end":{"line":253,"column":46}},{"start":{"line":253,"column":50},"end":{"line":253,"column":53}}],"line":253},"29":{"loc":{"start":{"line":254,"column":19},"end":{"line":254,"column":43}},"type":"binary-expr","locations":[{"start":{"line":254,"column":19},"end":{"line":254,"column":38}},{"start":{"line":254,"column":42},"end":{"line":254,"column":43}}],"line":254},"30":{"loc":{"start":{"line":255,"column":20},"end":{"line":255,"column":54}},"type":"binary-expr","locations":[{"start":{"line":255,"column":20},"end":{"line":255,"column":40}},{"start":{"line":255,"column":44},"end":{"line":255,"column":54}}],"line":255},"31":{"loc":{"start":{"line":256,"column":26},"end":{"line":256,"column":57}},"type":"binary-expr","locations":[{"start":{"line":256,"column":26},"end":{"line":256,"column":52}},{"start":{"line":256,"column":56},"end":{"line":256,"column":57}}],"line":256},"32":{"loc":{"start":{"line":257,"column":27},"end":{"line":257,"column":59}},"type":"binary-expr","locations":[{"start":{"line":257,"column":27},"end":{"line":257,"column":54}},{"start":{"line":257,"column":58},"end":{"line":257,"column":59}}],"line":257},"33":{"loc":{"start":{"line":258,"column":20},"end":{"line":258,"column":45}},"type":"binary-expr","locations":[{"start":{"line":258,"column":20},"end":{"line":258,"column":40}},{"start":{"line":258,"column":44},"end":{"line":258,"column":45}}],"line":258},"34":{"loc":{"start":{"line":259,"column":21},"end":{"line":259,"column":47}},"type":"binary-expr","locations":[{"start":{"line":259,"column":21},"end":{"line":259,"column":42}},{"start":{"line":259,"column":46},"end":{"line":259,"column":47}}],"line":259},"35":{"loc":{"start":{"line":260,"column":21},"end":{"line":260,"column":47}},"type":"binary-expr","locations":[{"start":{"line":260,"column":21},"end":{"line":260,"column":42}},{"start":{"line":260,"column":46},"end":{"line":260,"column":47}}],"line":260},"36":{"loc":{"start":{"line":261,"column":22},"end":{"line":261,"column":49}},"type":"binary-expr","locations":[{"start":{"line":261,"column":22},"end":{"line":261,"column":44}},{"start":{"line":261,"column":48},"end":{"line":261,"column":49}}],"line":261},"37":{"loc":{"start":{"line":262,"column":19},"end":{"line":262,"column":78}},"type":"cond-expr","locations":[{"start":{"line":262,"column":73},"end":{"line":262,"column":74}},{"start":{"line":262,"column":77},"end":{"line":262,"column":78}}],"line":262},"38":{"loc":{"start":{"line":277,"column":6},"end":{"line":282,"column":7}},"type":"if","locations":[{"start":{"line":277,"column":6},"end":{"line":282,"column":7}},{"start":{"line":280,"column":13},"end":{"line":282,"column":7}}],"line":277},"39":{"loc":{"start":{"line":277,"column":10},"end":{"line":277,"column":34}},"type":"binary-expr","locations":[{"start":{"line":277,"column":10},"end":{"line":277,"column":13}},{"start":{"line":277,"column":17},"end":{"line":277,"column":34}}],"line":277}},"s":{"0":1,"1":1,"2":1,"3":1,"4":1,"5":1,"6":2,"7":2,"8":2,"9":1,"10":1,"11":1,"12":0,"13":1,"14":1,"15":1,"16":1,"17":0,"18":0,"19":1,"20":1,"21":1,"22":1,"23":1,"24":0,"25":0,"26":1,"27":1,"28":1,"29":1,"30":1,"31":0,"32":0,"33":1,"34":1,"35":1,"36":1,"37":0,"38":0,"39":1,"40":1,"41":1,"42":1,"43":1,"44":0,"45":0,"46":1,"47":1,"48":3,"49":3,"50":3,"51":1,"52":1,"53":0,"54":0,"55":1,"56":2,"57":2,"58":2,"59":0,"60":0,"61":2,"62":1,"63":3,"64":3,"65":3,"66":1,"67":1,"68":0,"69":0,"70":1,"71":2,"72":2,"73":2,"74":0,"75":0,"76":2,"77":1,"78":2,"79":2,"80":2,"81":2,"82":2,"83":2,"84":2,"85":2,"86":2,"87":2,"88":2,"89":2,"90":2,"91":2,"92":0,"93":0,"94":2,"95":1},"f":{"0":1,"1":2,"2":1,"3":1,"4":1,"5":1,"6":1,"7":1,"8":1,"9":1,"10":1,"11":1,"12":3,"13":1,"14":2,"15":3,"16":1,"17":2,"18":2,"19":2},"b":{"0":[1,0],"1":[1,1],"2":[1,0],"3":[0,1],"4":[0,1],"5":[1,1],"6":[0,1],"7":[1,1],"8":[0,1],"9":[1,1],"10":[0,1],"11":[1,1],"12":[0,1],"13":[1,1],"14":[3,2],"15":[1,2],"16":[0,1],"17":[1,1],"18":[0,2],"19":[2,2],"20":[3,2],"21":[1,2],"22":[0,1],"23":[1,1],"24":[0,2],"25":[2,2],"26":[2,1],"27":[2,2],"28":[2,2],"29":[2,2],"30":[2,2],"31":[2,2],"32":[2,2],"33":[2,1],"34":[2,2],"35":[2,1],"36":[2,1],"37":[1,1],"38":[0,2],"39":[2,2]},"_coverageSchema":"1a1c01bbd47fc00a2c39e90264f33305004495a9","hash":"6ad22ad94dcf14331f86316ddecd374e560757b7"}
,"C:\\Users\\celin\\OneDrive\\문서\\HW2_student\\server\\server.js": {"path":"C:\\Users\\celin\\OneDrive\\문서\\HW2_student\\server\\server.js","statementMap":{"0":{"start":{"line":1,"column":16},"end":{"line":1,"column":34}},"1":{"start":{"line":2,"column":13},"end":{"line":2,"column":28}},"2":{"start":{"line":3,"column":15},"end":{"line":3,"column":34}},"3":{"start":{"line":4,"column":15},"end":{"line":4,"column":34}},"4":{"start":{"line":6,"column":12},"end":{"line":6,"column":21}},"5":{"start":{"line":7,"column":0},"end":{"line":9,"column":4}},"6":{"start":{"line":13,"column":0},"end":{"line":13,"column":40}},"7":{"start":{"line":14,"column":0},"end":{"line":14,"column":34}},"8":{"start":{"line":15,"column":0},"end":{"line":15,"column":39}},"9":{"start":{"line":16,"column":0},"end":{"line":16,"column":42}},"10":{"start":{"line":17,"column":0},"end":{"line":17,"column":34}},"11":{"start":{"line":18,"column":0},"end":{"line":18,"column":54}},"12":{"start":{"line":19,"column":0},"end":{"line":19,"column":40}},"13":{"start":{"line":20,"column":0},"end":{"line":20,"column":42}},"14":{"start":{"line":21,"column":0},"end":{"line":21,"column":46}},"15":{"start":{"line":23,"column":0},"end":{"line":25,"column":3}},"16":{"start":{"line":24,"column":2},"end":{"line":24,"column":86}},"17":{"start":{"line":27,"column":0},"end":{"line":27,"column":21}}},"fnMap":{"0":{"name":"(anonymous_0)","decl":{"start":{"line":23,"column":31},"end":{"line":23,"column":32}},"loc":{"start":{"line":23,"column":37},"end":{"line":25,"column":1}},"line":23}},"branchMap":{},"s":{"0":1,"1":1,"2":1,"3":1,"4":1,"5":1,"6":1,"7":1,"8":1,"9":1,"10":1,"11":1,"12":1,"13":1,"14":1,"15":1,"16":1,"17":1},"f":{"0":1},"b":{},"_coverageSchema":"1a1c01bbd47fc00a2c39e90264f33305004495a9","hash":"96c8155daf6c6d3d22af866d01d24772688be412"}
}
