TN:
SF:routes.js
FN:13,(anonymous_0)
FN:20,(anonymous_1)
FN:40,(anonymous_2)
FN:54,(anonymous_3)
FN:78,(anonymous_4)
FN:87,(anonymous_5)
FN:98,(anonymous_6)
FN:107,(anonymous_7)
FN:118,(anonymous_8)
FN:126,(anonymous_9)
FN:137,(anonymous_10)
FN:146,(anonymous_11)
FN:161,(anonymous_12)
FN:175,(anonymous_13)
FN:194,(anonymous_14)
FN:206,(anonymous_15)
FN:219,(anonymous_16)
FN:236,(anonymous_17)
FN:248,(anonymous_18)
FN:276,(anonymous_19)
FNF:20
FNH:20
FNDA:1,(anonymous_0)
FNDA:2,(anonymous_1)
FNDA:1,(anonymous_2)
FNDA:1,(anonymous_3)
FNDA:1,(anonymous_4)
FNDA:1,(anonymous_5)
FNDA:1,(anonymous_6)
FNDA:1,(anonymous_7)
FNDA:1,(anonymous_8)
FNDA:1,(anonymous_9)
FNDA:1,(anonymous_10)
FNDA:1,(anonymous_11)
FNDA:3,(anonymous_12)
FNDA:1,(anonymous_13)
FNDA:2,(anonymous_14)
FNDA:3,(anonymous_15)
FNDA:1,(anonymous_16)
FNDA:2,(anonymous_17)
FNDA:2,(anonymous_18)
FNDA:2,(anonymous_19)
DA:1,1
DA:2,1
DA:6,1
DA:13,1
DA:20,1
DA:22,2
DA:23,2
DA:27,2
DA:29,1
DA:30,1
DA:32,1
DA:35,0
DA:40,1
DA:44,1
DA:48,1
DA:55,1
DA:58,0
DA:59,0
DA:65,1
DA:78,1
DA:81,1
DA:82,1
DA:88,1
DA:89,0
DA:90,0
DA:92,1
DA:98,1
DA:101,1
DA:102,1
DA:108,1
DA:109,0
DA:110,0
DA:112,1
DA:118,1
DA:122,1
DA:127,1
DA:128,0
DA:129,0
DA:131,1
DA:137,1
DA:140,1
DA:141,1
DA:147,1
DA:148,0
DA:149,0
DA:151,1
DA:161,1
DA:162,3
DA:164,3
DA:166,3
DA:170,1
DA:176,1
DA:177,0
DA:178,0
DA:180,1
DA:187,2
DA:188,2
DA:195,2
DA:196,0
DA:197,0
DA:199,2
DA:206,1
DA:210,3
DA:211,3
DA:212,3
DA:213,1
DA:220,1
DA:221,0
DA:222,0
DA:224,1
DA:228,2
DA:229,2
DA:237,2
DA:238,0
DA:239,0
DA:241,2
DA:248,1
DA:251,2
DA:252,2
DA:253,2
DA:254,2
DA:255,2
DA:256,2
DA:257,2
DA:258,2
DA:259,2
DA:260,2
DA:261,2
DA:262,2
DA:265,2
DA:277,2
DA:278,0
DA:279,0
DA:281,2
DA:286,1
LF:95
LH:74
BRDA:13,0,0,1
BRDA:13,0,1,0
BRDA:27,1,0,1
BRDA:27,1,1,1
BRDA:30,2,0,1
BRDA:30,2,1,0
BRDA:44,3,0,0
BRDA:44,3,1,1
BRDA:55,4,0,0
BRDA:55,4,1,1
BRDA:55,5,0,1
BRDA:55,5,1,1
BRDA:88,6,0,0
BRDA:88,6,1,1
BRDA:88,7,0,1
BRDA:88,7,1,1
BRDA:108,8,0,0
BRDA:108,8,1,1
BRDA:108,9,0,1
BRDA:108,9,1,1
BRDA:127,10,0,0
BRDA:127,10,1,1
BRDA:127,11,0,1
BRDA:127,11,1,1
BRDA:147,12,0,0
BRDA:147,12,1,1
BRDA:147,13,0,1
BRDA:147,13,1,1
BRDA:164,14,0,3
BRDA:164,14,1,2
BRDA:166,15,0,1
BRDA:166,15,1,2
BRDA:176,16,0,0
BRDA:176,16,1,1
BRDA:176,17,0,1
BRDA:176,17,1,1
BRDA:195,18,0,0
BRDA:195,18,1,2
BRDA:195,19,0,2
BRDA:195,19,1,2
BRDA:211,20,0,3
BRDA:211,20,1,2
BRDA:212,21,0,1
BRDA:212,21,1,2
BRDA:220,22,0,0
BRDA:220,22,1,1
BRDA:220,23,0,1
BRDA:220,23,1,1
BRDA:237,24,0,0
BRDA:237,24,1,2
BRDA:237,25,0,2
BRDA:237,25,1,2
BRDA:251,26,0,2
BRDA:251,26,1,1
BRDA:252,27,0,2
BRDA:252,27,1,2
BRDA:253,28,0,2
BRDA:253,28,1,2
BRDA:254,29,0,2
BRDA:254,29,1,2
BRDA:255,30,0,2
BRDA:255,30,1,2
BRDA:256,31,0,2
BRDA:256,31,1,2
BRDA:257,32,0,2
BRDA:257,32,1,2
BRDA:258,33,0,2
BRDA:258,33,1,1
BRDA:259,34,0,2
BRDA:259,34,1,2
BRDA:260,35,0,2
BRDA:260,35,1,1
BRDA:261,36,0,2
BRDA:261,36,1,1
BRDA:262,37,0,1
BRDA:262,37,1,1
BRDA:277,38,0,0
BRDA:277,38,1,2
BRDA:277,39,0,2
BRDA:277,39,1,2
BRF:80
BRH:67
end_of_record
TN:
SF:server.js
FN:23,(anonymous_0)
FNF:1
FNH:1
FNDA:1,(anonymous_0)
DA:1,1
DA:2,1
DA:3,1
DA:4,1
DA:6,1
DA:7,1
DA:13,1
DA:14,1
DA:15,1
DA:16,1
DA:17,1
DA:18,1
DA:19,1
DA:20,1
DA:21,1
DA:23,1
DA:24,1
DA:27,1
LF:18
LH:18
BRF:0
BRH:0
end_of_record
